<component name="libraryTable">
  <library name="junit-4.12">
    <CLASSES>
      <root url="jar://D:/Documents Coraline/La_Salle_Cursos/Programming languages/Project/junit-4.12.jar!/" />
      <root url="jar://D:/Documents Coraline/La_Salle_Cursos/Programming languages/Project/hamcrest-core-1.3.jar!/" />
      <root url="file://$PROJECT_DIR$" />
    </CLASSES>
    <JAVADOC />
    <SOURCES>
      <root url="file://$PROJECT_DIR$/src" />
      <root url="file://$PROJECT_DIR$/test" />
    </SOURCES>
  </library>
</component>